[root@serverhw04 ~]# wget --no-check-certificate 'https://docs.google.com/uc?export=download&id=1gH8gCL9y7Nd5Ti3IRmplZPF1XjzxeRAG' -O /tmp/otus_task2.file
--2022-09-09 08:44:41--  https://docs.google.com/uc?export=download&id=1gH8gCL9y7Nd5Ti3IRmplZPF1XjzxeRAG
Resolving docs.google.com (docs.google.com)... 74.125.131.194
Connecting to docs.google.com (docs.google.com)|74.125.131.194|:443... connected.
HTTP request sent, awaiting response... 303 See Other
Location: https://doc-00-bo-docs.googleusercontent.com/docs/securesc/ha0ro937gcuc7l7deffksulhg5h7mbp1/ep05cmkga69ihtgva839adqrcnom97ob/1662713025000/16189157874053420687/*/1gH8gCL9y7Nd5Ti3IRmplZPF1XjzxeRAG?e=download&uuid=96f5b600-7ec3-4aa1-8b5a-873a372e3696 [following]
Warning: wildcards not supported in HTTP.
--2022-09-09 08:44:46--  https://doc-00-bo-docs.googleusercontent.com/docs/securesc/ha0ro937gcuc7l7deffksulhg5h7mbp1/ep05cmkga69ihtgva839adqrcnom97ob/1662713025000/16189157874053420687/*/1gH8gCL9y7Nd5Ti3IRmplZPF1XjzxeRAG?e=download&uuid=96f5b600-7ec3-4aa1-8b5a-873a372e3696
Resolving doc-00-bo-docs.googleusercontent.com (doc-00-bo-docs.googleusercontent.com)... 142.250.150.132
Connecting to doc-00-bo-docs.googleusercontent.com (doc-00-bo-docs.googleusercontent.com)|142.250.150.132|:443... connected.
HTTP request sent, awaiting response... 200 OK
Length: 5432736 (5.2M) [application/octet-stream]
Saving to: '/tmp/otus_task2.file'

/tmp/otus_task2.file                 100%[======================================================================>]   5.18M   204KB/s    in 25s     

2022-09-09 08:45:12 (214 KB/s) - '/tmp/otus_task2.file' saved [5432736/5432736]

[root@serverhw04 ~]# zpool create snapool /dev/sde
mountpoint '/snapool' exists and is not empty
use '-m' option to provide a different default

[root@serverhw04 ~]# zpool create snappool /dev/sde

[root@serverhw04 ~]# zfs receive snappool/tmp < /tmp/otus_task2.file

[root@serverhw04 ~]# zfs list -t snapshot
NAME                 USED  AVAIL     REFER  MOUNTPOINT
snapool/tmp@task2     21K      -     3.69M  -
snappool/tmp@task2     0B      -     3.69M  -

[root@serverhw04 ~]# zfs rollback snappool/tmp@task2

[root@serverhw04 ~]# find /snapool/tmp -iname "secret_message"
/snapool/tmp/task1/file_mess/secret_message

[root@serverhw04 ~]# cat /snapool/tmp/task1/file_mess/secret_message
https://github.com/sindresorhus/awesome
