[root@lvm vagrant]# lvcreate -n LogVol_Home -L 2G /dev/VolGroup00
  Logical volume "LogVol_Home" created.

[root@lvm vagrant]# mkfs.xfs /dev/VolGroup00/LogVol_Home
meta-data=/dev/VolGroup00/LogVol_Home isize=512    agcount=4, agsize=131072 blks
         =                       sectsz=512   attr=2, projid32bit=1
         =                       crc=1        finobt=0, sparse=0
data     =                       bsize=4096   blocks=524288, imaxpct=25
         =                       sunit=0      swidth=0 blks
naming   =version 2              bsize=4096   ascii-ci=0 ftype=1
log      =internal log           bsize=4096   blocks=2560, version=2
         =                       sectsz=512   sunit=0 blks, lazy-count=1
realtime =none                   extsz=4096   blocks=0, rtextents=0

[root@lvm vagrant]# mount /dev/VolGroup00/LogVol_Home /mnt/

[root@lvm vagrant]# cp -aR /home/* /mnt/

[root@lvm vagrant]# rm -rf /home/*

[root@lvm vagrant]# umount /mnt

[root@lvm vagrant]# mount /dev/VolGroup00/LogVol_Home /home/

[root@lvm vagrant]# echo "`blkid | grep Home | awk '{print $2}'` /home xfs defaults 0 0" >> /etc/fstab

[root@lvm vagrant]# touch /home/file{1..20}

[root@lvm vagrant]# lvcreate -L 100MB -s -n home_snap /dev/VolGroup00/LogVol_Home
  Rounding up size to full physical extent 128.00 MiB
  Logical volume "home_snap" created.

[root@lvm vagrant]# ls -al /home
total 0
drwxr-xr-x.  3 root    root    292 Sep  8 13:59 .
drwxr-xr-x. 18 root    root    239 Sep  8 13:16 ..
-rw-r--r--.  1 root    root      0 Sep  8 13:59 file1
-rw-r--r--.  1 root    root      0 Sep  8 13:59 file10
-rw-r--r--.  1 root    root      0 Sep  8 13:59 file11
-rw-r--r--.  1 root    root      0 Sep  8 13:59 file12
-rw-r--r--.  1 root    root      0 Sep  8 13:59 file13
-rw-r--r--.  1 root    root      0 Sep  8 13:59 file14
-rw-r--r--.  1 root    root      0 Sep  8 13:59 file15
-rw-r--r--.  1 root    root      0 Sep  8 13:59 file16
-rw-r--r--.  1 root    root      0 Sep  8 13:59 file17
-rw-r--r--.  1 root    root      0 Sep  8 13:59 file18
-rw-r--r--.  1 root    root      0 Sep  8 13:59 file19
-rw-r--r--.  1 root    root      0 Sep  8 13:59 file2
-rw-r--r--.  1 root    root      0 Sep  8 13:59 file20
-rw-r--r--.  1 root    root      0 Sep  8 13:59 file3
-rw-r--r--.  1 root    root      0 Sep  8 13:59 file4
-rw-r--r--.  1 root    root      0 Sep  8 13:59 file5
-rw-r--r--.  1 root    root      0 Sep  8 13:59 file6
-rw-r--r--.  1 root    root      0 Sep  8 13:59 file7
-rw-r--r--.  1 root    root      0 Sep  8 13:59 file8
-rw-r--r--.  1 root    root      0 Sep  8 13:59 file9
drwx------.  3 vagrant vagrant  74 May 12  2018 vagrant

[root@lvm vagrant]# rm -f /home/file{11..20}

[root@lvm vagrant]# ls -al /home
total 0
drwxr-xr-x.  3 root    root    152 Sep  8 13:59 .
drwxr-xr-x. 18 root    root    239 Sep  8 13:16 ..
-rw-r--r--.  1 root    root      0 Sep  8 13:59 file1
-rw-r--r--.  1 root    root      0 Sep  8 13:59 file10
-rw-r--r--.  1 root    root      0 Sep  8 13:59 file2
-rw-r--r--.  1 root    root      0 Sep  8 13:59 file3
-rw-r--r--.  1 root    root      0 Sep  8 13:59 file4
-rw-r--r--.  1 root    root      0 Sep  8 13:59 file5
-rw-r--r--.  1 root    root      0 Sep  8 13:59 file6
-rw-r--r--.  1 root    root      0 Sep  8 13:59 file7
-rw-r--r--.  1 root    root      0 Sep  8 13:59 file8
-rw-r--r--.  1 root    root      0 Sep  8 13:59 file9
drwx------.  3 vagrant vagrant  74 May 12  2018 vagrant

[root@lvm vagrant]# umount /home

[root@lvm vagrant]# lvconvert --merge /dev/VolGroup00/home_snap
  Merging of volume VolGroup00/home_snap started.
  VolGroup00/LogVol_Home: Merged: 100.00%

[root@lvm vagrant]# mount /home

[root@lvm vagrant]# ls -al /home
total 0
drwxr-xr-x.  3 root    root    292 Sep  8 13:59 .
drwxr-xr-x. 18 root    root    239 Sep  8 13:16 ..
-rw-r--r--.  1 root    root      0 Sep  8 13:59 file1
-rw-r--r--.  1 root    root      0 Sep  8 13:59 file10
-rw-r--r--.  1 root    root      0 Sep  8 13:59 file11
-rw-r--r--.  1 root    root      0 Sep  8 13:59 file12
-rw-r--r--.  1 root    root      0 Sep  8 13:59 file13
-rw-r--r--.  1 root    root      0 Sep  8 13:59 file14
-rw-r--r--.  1 root    root      0 Sep  8 13:59 file15
-rw-r--r--.  1 root    root      0 Sep  8 13:59 file16
-rw-r--r--.  1 root    root      0 Sep  8 13:59 file17
-rw-r--r--.  1 root    root      0 Sep  8 13:59 file18
-rw-r--r--.  1 root    root      0 Sep  8 13:59 file19
-rw-r--r--.  1 root    root      0 Sep  8 13:59 file2
-rw-r--r--.  1 root    root      0 Sep  8 13:59 file20
-rw-r--r--.  1 root    root      0 Sep  8 13:59 file3
-rw-r--r--.  1 root    root      0 Sep  8 13:59 file4
-rw-r--r--.  1 root    root      0 Sep  8 13:59 file5
-rw-r--r--.  1 root    root      0 Sep  8 13:59 file6
-rw-r--r--.  1 root    root      0 Sep  8 13:59 file7
-rw-r--r--.  1 root    root      0 Sep  8 13:59 file8
-rw-r--r--.  1 root    root      0 Sep  8 13:59 file9
drwx------.  3 vagrant vagrant  74 May 12  2018 vagrant

