[root@lvm boot]# pvcreate /dev/sdc /dev/sdd && vgcreate vg_var /dev/sdc /dev/sdd && lvcreate -L 950M -m1 -n lv_var vg_var
  Physical volume "/dev/sdc" successfully created.
  Physical volume "/dev/sdd" successfully created.
  Volume group "vg_var" successfully created
  Rounding up size to full physical extent 952.00 MiB
  Logical volume "lv_var" created.
[root@lvm boot]# mkfs.ext4 /dev/vg_var/lv_var && mount /dev/vg_var/lv_var /mnt
mke2fs 1.42.9 (28-Dec-2013)
Filesystem label=
OS type: Linux
Block size=4096 (log=2)
Fragment size=4096 (log=2)
Stride=0 blocks, Stripe width=0 blocks
60928 inodes, 243712 blocks
12185 blocks (5.00%) reserved for the super user
First data block=0
Maximum filesystem blocks=249561088
8 block groups
32768 blocks per group, 32768 fragments per group
7616 inodes per group
Superblock backups stored on blocks: 
  32768, 98304, 163840, 229376

Allocating group tables: done                            
Writing inode tables: done                            
Creating journal (4096 blocks): done
Writing superblocks and filesystem accounting information: done

[root@lvm boot]# cp -aR /var/* /mnt/ # rsync -avHPSAX /var/ /mnt/
[root@lvm boot]# mkdir /tmp/oldvar && mv /var/* /tmp/oldvar
[root@lvm boot]# umount /mnt && mount /dev/vg_var/lv_var /var
[root@lvm boot]# echo "`blkid | grep var: | awk '{print $2}'` /var ext4 defaults 0 0" >> /etc/fstab
[root@lvm boot]# reboot
Running in chroot, ignoring request.
[root@lvm boot]# exit
exit
[root@lvm vagrant]# reboot

[vagrant@lvm ~]$ sudo bash
[root@lvm vagrant]# lvremove /dev/vg_root/lv_root && vgremove /dev/vg_root && pvremove /dev/sdb
Do you really want to remove active logical volume vg_root/lv_root? [y/n]: y
  Logical volume "lv_root" successfully removed
  Volume group "vg_root" successfully removed
  Labels on physical volume "/dev/sdb" successfully wiped.
